<?xml version="1.0" encoding="UTF-8"?>
<!-- Generated by org.testng.reporters.JUnitXMLReporter -->
<testsuite hostname="DESKTOP-9MKKMSB" ignored="5" name="Test" tests="10" failures="1" timestamp="2021-07-08T15:11:46 IST" time="85.806" errors="0">
  <testcase name="@BeforeMethod urlEntering" time="0.0" classname="com.genrics.MavenActitime.BaseTest">
    <failure type="java.lang.NullPointerException">
      <![CDATA[java.lang.NullPointerException
at com.genrics.MavenActitime.BaseTest.urlEntering(BaseTest.java:39)
at java.util.ArrayList.forEach(Unknown Source)
... Removed 31 stack frames]]>
    </failure>
  </testcase> <!-- @BeforeMethod urlEntering -->
  <testcase name="@BeforeMethod urlEntering" time="-1.625737297122E9" classname="com.genrics.MavenActitime.BaseTest">
    <skipped/>
  </testcase> <!-- @BeforeMethod urlEntering -->
  <testcase name="@BeforeMethod urlEntering" time="-1.625737297151E9" classname="com.genrics.MavenActitime.BaseTest">
    <skipped/>
  </testcase> <!-- @BeforeMethod urlEntering -->
  <testcase name="@BeforeMethod urlEntering" time="0.001" classname="com.genrics.MavenActitime.BaseTest">
    <failure type="java.lang.NullPointerException">
      <![CDATA[java.lang.NullPointerException
at com.genrics.MavenActitime.BaseTest.urlEntering(BaseTest.java:39)
at java.util.ArrayList.forEach(Unknown Source)
... Removed 31 stack frames]]>
    </failure>
  </testcase> <!-- @BeforeMethod urlEntering -->
  <testcase name="@BeforeMethod urlEntering" time="-1.625737305998E9" classname="com.genrics.MavenActitime.BaseTest">
    <skipped/>
  </testcase> <!-- @BeforeMethod urlEntering -->
  <testcase name="@BeforeMethod urlEntering" time="-1.625737306003E9" classname="com.genrics.MavenActitime.BaseTest">
    <skipped/>
  </testcase> <!-- @BeforeMethod urlEntering -->
  <testcase name="aloginToActitimeMethod" time="1.185" classname="com.scripts.MavenActitime.TestActitimeLogin"/>
  <testcase name="createCustomerLogin" time="11.512" classname="com.scripts.MavenActitime.TestCreateCustomerActiTime">
    <failure type="org.openqa.selenium.ElementClickInterceptedException" message="element click intercepted: Element &amp;lt;div class=&amp;quot;title ellipsis&amp;quot;&amp;gt;...&amp;lt;/div&amp;gt; is not clickable at point (341, 114). Other element would receive the click: &amp;lt;img src=&amp;quot;/img/default/dialogs/exitconfirm/shade.png?hash=1846506722&amp;quot; id=&amp;quot;muar&amp;quot; style=&amp;quot;display: block;&amp;quot;&amp;gt;
  (Session info: chrome=91.0.4472.124)
Build info: version: &amp;apos;3.11.0&amp;apos;, revision: &amp;apos;e59cfb3&amp;apos;, time: &amp;apos;2018-03-11T20:26:55.152Z&amp;apos;
System info: host: &amp;apos;DESKTOP-9MKKMSB&amp;apos;, ip: &amp;apos;192.168.200.103&amp;apos;, os.name: &amp;apos;Windows 10&amp;apos;, os.arch: &amp;apos;amd64&amp;apos;, os.version: &amp;apos;10.0&amp;apos;, java.version: &amp;apos;1.8.0_231&amp;apos;
Driver info: org.openqa.selenium.chrome.ChromeDriver
Capabilities {acceptInsecureCerts: false, browserName: chrome, browserVersion: 91.0.4472.124, chrome: {chromedriverVersion: 91.0.4472.19 (1bf021f248676..., userDataDir: C:\Users\wwwim\AppData\Loca...}, goog:chromeOptions: {debuggerAddress: localhost:51941}, javascriptEnabled: true, networkConnectionEnabled: false, pageLoadStrategy: normal, platform: WINDOWS, platformName: WINDOWS, proxy: Proxy(), setWindowRect: true, strictFileInteractability: false, timeouts: {implicit: 0, pageLoad: 300000, script: 30000}, unhandledPromptBehavior: dismiss and notify, webauthn:extension:largeBlob: true, webauthn:virtualAuthenticators: true}
Session ID: fdf995227c6771453aa3d0e267a75276">
      <![CDATA[org.openqa.selenium.ElementClickInterceptedException: element click intercepted: Element <div class="title ellipsis">...</div> is not clickable at point (341, 114). Other element would receive the click: <img src="/img/default/dialogs/exitconfirm/shade.png?hash=1846506722" id="muar" style="display: block;">
  (Session info: chrome=91.0.4472.124)
Build info: version: '3.11.0', revision: 'e59cfb3', time: '2018-03-11T20:26:55.152Z'
System info: host: 'DESKTOP-9MKKMSB', ip: '192.168.200.103', os.name: 'Windows 10', os.arch: 'amd64', os.version: '10.0', java.version: '1.8.0_231'
Driver info: org.openqa.selenium.chrome.ChromeDriver
Capabilities {acceptInsecureCerts: false, browserName: chrome, browserVersion: 91.0.4472.124, chrome: {chromedriverVersion: 91.0.4472.19 (1bf021f248676..., userDataDir: C:\Users\wwwim\AppData\Loca...}, goog:chromeOptions: {debuggerAddress: localhost:51941}, javascriptEnabled: true, networkConnectionEnabled: false, pageLoadStrategy: normal, platform: WINDOWS, platformName: WINDOWS, proxy: Proxy(), setWindowRect: true, strictFileInteractability: false, timeouts: {implicit: 0, pageLoad: 300000, script: 30000}, unhandledPromptBehavior: dismiss and notify, webauthn:extension:largeBlob: true, webauthn:virtualAuthenticators: true}
Session ID: fdf995227c6771453aa3d0e267a75276
at org.openqa.selenium.remote.http.W3CHttpResponseCodec.createException(W3CHttpResponseCodec.java:187)
at org.openqa.selenium.remote.http.W3CHttpResponseCodec.decode(W3CHttpResponseCodec.java:122)
at org.openqa.selenium.remote.http.W3CHttpResponseCodec.decode(W3CHttpResponseCodec.java:49)
at org.openqa.selenium.remote.HttpCommandExecutor.execute(HttpCommandExecutor.java:158)
at org.openqa.selenium.remote.service.DriverCommandExecutor.execute(DriverCommandExecutor.java:83)
at org.openqa.selenium.remote.RemoteWebDriver.execute(RemoteWebDriver.java:545)
at org.openqa.selenium.remote.RemoteWebElement.execute(RemoteWebElement.java:279)
at org.openqa.selenium.remote.RemoteWebElement.click(RemoteWebElement.java:83)
at org.openqa.selenium.support.pagefactory.internal.LocatingElementHandler.invoke(LocatingElementHandler.java:51)
at com.sun.proxy.$Proxy11.click(Unknown Source)
at com.pages.MavenActitime.POMCreateACustomer.addNewMethod(POMCreateACustomer.java:56)
at com.scripts.MavenActitime.TestCreateCustomerActiTime.createCustomerLogin(TestCreateCustomerActiTime.java:25)
at java.util.ArrayList.forEach(Unknown Source)
... Removed 35 stack frames]]>
    </failure>
  </testcase> <!-- createCustomerLogin -->
  <testcase name="aloginToActitimeMethod" time="1.078" classname="com.scripts.MavenActitime.TestActitimeLogin"/>
  <testcase name="createProject" time="16.9" classname="com.scripts.MavenActitime.TestCreateProject"/>
  <testcase name="aloginToActitimeMethod" time="0.0" classname="com.scripts.MavenActitime.TestActitimeLogin">
    <skipped/>
  </testcase> <!-- aloginToActitimeMethod -->
  <testcase name="createProject" time="0.0" classname="com.scripts.MavenActitime.TestCreateProject">
    <skipped/>
  </testcase> <!-- createProject -->
  <testcase name="deleteProject" time="0.0" classname="com.scripts.MavenActitime.TestDeleteProject">
    <skipped/>
  </testcase> <!-- deleteProject -->
  <testcase name="aloginToActitimeMethod" time="0.0" classname="com.scripts.MavenActitime.TestActitimeLogin">
    <skipped/>
  </testcase> <!-- aloginToActitimeMethod -->
  <testcase name="createDeleteCustActMethod" time="0.0" classname="com.scripts.MavenActitime.TestCreateCustDeleteActitime">
    <skipped/>
  </testcase> <!-- createDeleteCustActMethod -->
  <testcase name="createCustomerLogin" time="0.0" classname="com.scripts.MavenActitime.TestCreateCustomerActiTime">
    <skipped/>
  </testcase> <!-- createCustomerLogin -->
  <testcase name="@BeforeTest urlChoseMethod" time="0.0" classname="com.scripts.MavenActitime.TestDeleteProject">
    <ignored/>
  </testcase> <!-- @BeforeTest urlChoseMethod -->
  <testcase name="@BeforeTest urlChoseMethod" time="0.0" classname="com.scripts.MavenActitime.TestCreateCustDeleteActitime">
    <ignored/>
  </testcase> <!-- @BeforeTest urlChoseMethod -->
  <testcase name="@AfterSuite quitBrowser" time="0.0" classname="com.genrics.MavenActitime.BaseTest">
    <ignored/>
  </testcase> <!-- @AfterSuite quitBrowser -->
  <testcase name="@AfterSuite quitBrowser" time="0.0" classname="com.genrics.MavenActitime.BaseTest">
    <ignored/>
  </testcase> <!-- @AfterSuite quitBrowser -->
  <testcase name="@AfterSuite quitBrowser" time="0.0" classname="com.genrics.MavenActitime.BaseTest">
    <ignored/>
  </testcase> <!-- @AfterSuite quitBrowser -->
</testsuite> <!-- Test -->
